This is pdfTeXk, Version 3.1415926-1.40.9 (Web2C 7.5.7) (format=pdflatex 2008.9.18)  4 MAR 2009 17:58
entering extended mode
 file:line:error style messages enabled.
 %&-line parsing enabled.
**main.tex
(./main.tex
LaTeX2e <2005/12/01>
Babel <v3.8l> and hyphenation patterns for english, usenglishmax, dumylang, noh
yphenation, german-x-2008-06-18, ngerman-x-2008-06-18, ancientgreek, ibycus, ar
abic, basque, bulgarian, catalan, pinyin, coptic, croatian, czech, danish, dutc
h, esperanto, estonian, farsi, finnish, french, galician, german, ngerman, mono
greek, greek, hungarian, icelandic, indonesian, interlingua, irish, italian, la
tin, mongolian, mongolian2a, bokmal, nynorsk, polish, portuguese, romanian, rus
sian, sanskrit, serbian, slovak, slovenian, spanish, swedish, turkish, ukenglis
h, ukrainian, uppersorbian, welsh, loaded.
(./sig-alternate.cls
(/usr/local/texlive/2008/texmf-dist/tex/latex/graphics/epsfig.sty
Package: epsfig 1999/02/16 v1.7a (e)psfig emulation (SPQR)

(/usr/local/texlive/2008/texmf-dist/tex/latex/graphics/graphicx.sty
Package: graphicx 1999/02/16 v1.0f Enhanced LaTeX Graphics (DPC,SPQR)

(/usr/local/texlive/2008/texmf-dist/tex/latex/graphics/keyval.sty
Package: keyval 1999/03/16 v1.13 key=value parser (DPC)
\KV@toks@=\toks14
)
(/usr/local/texlive/2008/texmf-dist/tex/latex/graphics/graphics.sty
Package: graphics 2006/02/20 v1.0o Standard LaTeX Graphics (DPC,SPQR)

(/usr/local/texlive/2008/texmf-dist/tex/latex/graphics/trig.sty
Package: trig 1999/03/16 v1.09 sin cos tan (DPC)
)
(/usr/local/texlive/2008/texmf/tex/latex/config/graphics.cfg
File: graphics.cfg 2007/01/18 v1.5 graphics configuration of teTeX/TeXLive
)
Package graphics Info: Driver file: pdftex.def on input line 90.

(/usr/local/texlive/2008/texmf-dist/tex/latex/pdftex-def/pdftex.def
File: pdftex.def 2008/07/16 v0.04k Graphics/color for pdfTeX
\Gread@gobject=\count79
))
\Gin@req@height=\dimen102
\Gin@req@width=\dimen103
)
\epsfxsize=\dimen104
\epsfysize=\dimen105
)
(/usr/local/texlive/2008/texmf-dist/tex/latex/amsfonts/amssymb.sty
Package: amssymb 2002/01/22 v2.2d

(/usr/local/texlive/2008/texmf-dist/tex/latex/amsfonts/amsfonts.sty
Package: amsfonts 2001/10/25 v2.2f
\@emptytoks=\toks15
\symAMSa=\mathgroup4
\symAMSb=\mathgroup5
LaTeX Font Info:    Overwriting math alphabet `\mathfrak' in version `bold'
(Font)                  U/euf/m/n --> U/euf/b/n on input line 132.
))
(/usr/local/texlive/2008/texmf-dist/tex/latex/amsmath/amsmath.sty
Package: amsmath 2000/07/18 v2.13 AMS math features
\@mathmargin=\skip41

For additional information on amsmath, use the `?' option.
(/usr/local/texlive/2008/texmf-dist/tex/latex/amsmath/amstext.sty
Package: amstext 2000/06/29 v2.01

(/usr/local/texlive/2008/texmf-dist/tex/latex/amsmath/amsgen.sty
File: amsgen.sty 1999/11/30 v2.0
\@emptytoks=\toks16
\ex@=\dimen106
))
(/usr/local/texlive/2008/texmf-dist/tex/latex/amsmath/amsbsy.sty
Package: amsbsy 1999/11/29 v1.2d
\pmbraise@=\dimen107
)
(/usr/local/texlive/2008/texmf-dist/tex/latex/amsmath/amsopn.sty
Package: amsopn 1999/12/14 v2.01 operator names
)
\inf@bad=\count80
LaTeX Info: Redefining \frac on input line 211.
\uproot@=\count81
\leftroot@=\count82
LaTeX Info: Redefining \overline on input line 307.
\classnum@=\count83
\DOTSCASE@=\count84
LaTeX Info: Redefining \ldots on input line 379.
LaTeX Info: Redefining \dots on input line 382.
LaTeX Info: Redefining \cdots on input line 467.
\Mathstrutbox@=\box26
\strutbox@=\box27
\big@size=\dimen108
LaTeX Font Info:    Redeclaring font encoding OML on input line 567.
LaTeX Font Info:    Redeclaring font encoding OMS on input line 568.
\macc@depth=\count85
\c@MaxMatrixCols=\count86
\dotsspace@=\muskip10
\c@parentequation=\count87
\dspbrk@lvl=\count88
\tag@help=\toks17
\row@=\count89
\column@=\count90
\maxfields@=\count91
\andhelp@=\toks18
\eqnshift@=\dimen109
\alignsep@=\dimen110
\tagshift@=\dimen111
\tagwidth@=\dimen112
\totwidth@=\dimen113
\lineht@=\dimen114
\@envbody=\toks19
\multlinegap=\skip42
\multlinetaggap=\skip43
\mathdisplay@stack=\toks20
LaTeX Info: Redefining \[ on input line 2666.
LaTeX Info: Redefining \] on input line 2667.
)
Document Class 'sig-alternate' <7th. June '07>. Modified by G.K.M. Tobin/Gerry 
Murray
Based in part upon document Style `acmconf' <22 May 89>. Hacked 4/91 by
shivers@cs.cmu.edu, 4/93 by theobald@cs.mcgill.ca
Excerpts were taken from (Journal Style) 'esub2acm.cls'.
****** Bugs/comments/suggestions/technicalities to Gerry Murray -- murray@hq.ac
m.org ******
Questions on the style, SIGS policies, etc. to Adrienne Griscti griscti@acm.org

\footheight=\dimen115
\@maxsep=\dimen116
\@dblmaxsep=\dimen117
\aucount=\count92
\originalaucount=\count93
\auwidth=\dimen118
\auskip=\dimen119
\auskipcount=\count94
\auskip=\dimen120
\allauboxes=\dimen121
\addauthors=\toks21
\addauflag=\count95
\subtitletext=\toks22
\savesection=\count96
\sectioncntr=\count97
\c@figure=\count98
\c@table=\count99
\titleboxnotes=\toks23
\titleboxnoteflag=\count100
Document Class: sig-alternate 2007/06/07 - V2.3 - based on acmproc.cls V1.3 <No
v. 30 '99>
(/usr/local/texlive/2008/texmf-dist/tex/latex/base/latexsym.sty
Package: latexsym 1998/08/17 v2.2e Standard LaTeX package (lasy symbols)
\symlasy=\mathgroup6
LaTeX Font Info:    Overwriting symbol font `lasy' in version `bold'
(Font)                  U/lasy/m/n --> U/lasy/b/n on input line 47.
)
\@acmtitlebox=\box28
\titlenotecount=\count101
\tntoks=\toks24
\tntokstwo=\toks25
\tntoksthree=\toks26
\tntoksfour=\toks27
\tntoksfive=\toks28
\catcount=\count102
\copyrightnotice=\toks29
\conf=\toks30
\confinfo=\toks31
\c@part=\count103
\c@section=\count104
\c@subsection=\count105
\c@subsubsection=\count106
\c@paragraph=\count107

Using 'Abbrev' bibliography style
\bibindent=\dimen122
\colcntr=\count108
\savebox=\box29
\copyrtyr=\toks32
\acmcopyr=\toks33
\boilerplate=\toks34
\copyrightetc=\toks35
(/usr/local/texlive/2008/texmf-dist/tex/latex/base/fontenc.sty
Package: fontenc 2005/09/27 v1.99g Standard LaTeX package

(/usr/local/texlive/2008/texmf-dist/tex/latex/base/t1enc.def
File: t1enc.def 2005/09/27 v1.99g Standard LaTeX file
LaTeX Font Info:    Redeclaring font encoding T1 on input line 43.
)
LaTeX Font Info:    Try loading font information for T1+aer on input line 100.

(/usr/local/texlive/2008/texmf-dist/tex/latex/ae/t1aer.fd
File: t1aer.fd 1997/11/16 Font definitions for T1/aer.
))) (./eepic.sty
Extension to Epic and LaTeX. Version 1.1e - Released Dec 21, 1999
\@gphlinewidth=\count109
\@eepictcnt=\count110
\@tempdimc=\dimen123
\maxovaldiam=\dimen124
\@filltype=\box30
) (./main.aux)
\openout1 = `main.aux'.

LaTeX Font Info:    Checking defaults for OML/cmm/m/it on input line 5.
LaTeX Font Info:    ... okay on input line 5.
LaTeX Font Info:    Checking defaults for T1/cmr/m/n on input line 5.
LaTeX Font Info:    ... okay on input line 5.
LaTeX Font Info:    Checking defaults for OT1/cmr/m/n on input line 5.
LaTeX Font Info:    ... okay on input line 5.
LaTeX Font Info:    Checking defaults for OMS/cmsy/m/n on input line 5.
LaTeX Font Info:    ... okay on input line 5.
LaTeX Font Info:    Checking defaults for OMX/cmex/m/n on input line 5.
LaTeX Font Info:    ... okay on input line 5.
LaTeX Font Info:    Checking defaults for U/cmr/m/n on input line 5.
LaTeX Font Info:    ... okay on input line 5.

(/usr/local/texlive/2008/texmf-dist/tex/context/base/supp-pdf.tex
[Loading MPS to PDF converter (version 2006.09.02).]
\scratchcounter=\count111
\scratchdimen=\dimen125
\scratchbox=\box31
\nofMPsegments=\count112
\nofMParguments=\count113
\everyMPshowfont=\toks36
\MPscratchCnt=\count114
\MPscratchDim=\dimen126
\MPnumerator=\count115
\everyMPtoPDFconversion=\toks37
)
LaTeX Font Info:    Try loading font information for U+msa on input line 26.
 (/usr/local/texlive/2008/texmf-dist/tex/latex/amsfonts/umsa.fd
File: umsa.fd 2002/01/19 v2.2g AMS font definitions
)
LaTeX Font Info:    Try loading font information for U+msb on input line 26.

(/usr/local/texlive/2008/texmf-dist/tex/latex/amsfonts/umsb.fd
File: umsb.fd 2002/01/19 v2.2g AMS font definitions
)
LaTeX Font Info:    Try loading font information for U+lasy on input line 26.

(/usr/local/texlive/2008/texmf-dist/tex/latex/base/ulasy.fd
File: ulasy.fd 1998/08/17 v2.2e LaTeX symbol font definitions
)
Overfull \hbox (10.39404pt too wide) in paragraph at lines 44--48
\T1/aer/m/n/9 H.2.4 [\T1/aer/bx/n/9 Information Sys-tems\T1/aer/m/n/9 ]: Sys-te
ms--- \T1/aer/m/it/9 Con-cur-rency\T1/aer/m/n/9 ; D.1.3
 []


Overfull \hbox (7.38867pt too wide) in paragraph at lines 44--48
\T1/aer/m/n/9 [\T1/aer/bx/n/9 Software\T1/aer/m/n/9 ]: Pro-gram-ming Tech-nique
s--- \T1/aer/m/it/9 Con-cur-rent Pro-gram-
 []


Underfull \hbox (badness 10000) in paragraph at lines 71--72

 []


Underfull \hbox (badness 10000) in paragraph at lines 73--74

 []


Underfull \hbox (badness 10000) in paragraph at lines 78--79

 []

[1{/usr/local/texlive/2008/texmf-var/fonts/map/pdftex/updmap/pdftex.map}


]
Underfull \hbox (badness 10000) in paragraph at lines 160--161

 []


Overfull \hbox (6.82741pt too wide) in paragraph at lines 162--167
[]\T1/aer/m/n/9 This abil-ity may be used to cre-ate paus-able, state-ful contr
ol-
 []


Overfull \hbox (3.00797pt too wide) in paragraph at lines 182--182
[]\secfnt SOFLEUSE: A RE-QUEST ROUT-ING DSL 
 []


Overfull \hbox (4.65189pt too wide) in paragraph at lines 211--215
[]\T1/aer/bx/n/9 yield(result) \T1/aer/m/n/9 The yield state-ment of the \T1/ae
r/bx/n/9 for\T1/aer/m/n/9 -expression
 []

[2]
<plots/BENCHMARK-8CORE-2009-03-01-23:59-LIN.pdf, id=19, 239.89626pt x 144.54pt>
File: plots/BENCHMARK-8CORE-2009-03-01-23:59-LIN.pdf Graphic file (type pdf)
<use plots/BENCHMARK-8CORE-2009-03-01-23:59-LIN.pdf>
<plots/BENCHMARK-8CORE-2009-03-01-23:59-BLK.pdf, id=20, 239.89626pt x 144.54pt>
File: plots/BENCHMARK-8CORE-2009-03-01-23:59-BLK.pdf Graphic file (type pdf)
<use plots/BENCHMARK-8CORE-2009-03-01-23:59-BLK.pdf>
<plots/BENCHMARK-8CORE-2009-03-01-23:59-ALL.pdf, id=21, 239.89626pt x 144.54pt>
File: plots/BENCHMARK-8CORE-2009-03-01-23:59-ALL.pdf Graphic file (type pdf)
<use plots/BENCHMARK-8CORE-2009-03-01-23:59-ALL.pdf>
Overfull \hbox (19.63492pt too wide) in paragraph at lines 334--342
\T1/aer/m/n/9 generator-expression.[] To make this im-plicit CPS-transformation

 []


Overfull \hbox (38.13795pt too wide) in paragraph at lines 347--355
[][]
 []


Overfull \hbox (2.21034pt too wide) in paragraph at lines 364--368
\T1/aer/m/n/9 bounded in the num-ber of stages by a small con-stant, Souffleuse
 []

[3] [4

 <./plots/BENCHMARK-8CORE-2009-03-01-23:59-LIN.pdf> <./plots/BENCHMARK-8CORE-20
09-03-01-23:59-BLK.pdf> <./plots/BENCHMARK-8CORE-2009-03-01-23:59-ALL.pdf>] (./
main.aux) ) 
Here is how much of TeX's memory you used:
 2291 strings out of 493886
 26816 string characters out of 1151099
 87610 words of memory out of 3000000
 5518 multiletter control sequences out of 10000+50000
 64766 words of font info for 82 fonts, out of 3000000 for 5000
 714 hyphenation exceptions out of 8191
 39i,11n,26p,466b,282s stack positions out of 5000i,500n,10000p,200000b,50000s
{/usr/local/texlive/2008/texmf-dist/fonts/enc/dvips/base/8r.enc}</us
r/local/texlive/2008/texmf-dist/fonts/type1/bluesky/cm/cmbx9.pfb></usr/local/te
xlive/2008/texmf-dist/fonts/type1/bluesky/cm/cmbxti10.pfb></usr/local/texlive/2
008/texmf-dist/fonts/type1/bluesky/cm/cmmi6.pfb></usr/local/texlive/2008/texmf-
dist/fonts/type1/bluesky/cm/cmmi9.pfb></usr/local/texlive/2008/texmf-dist/fonts
/type1/bluesky/cm/cmmib10.pfb></usr/local/texlive/2008/texmf-dist/fonts/type1/b
luesky/cm/cmr6.pfb></usr/local/texlive/2008/texmf-dist/fonts/type1/bluesky/cm/c
mr9.pfb></usr/local/texlive/2008/texmf-dist/fonts/type1/bluesky/cm/cmsy9.pfb></
usr/local/texlive/2008/texmf-dist/fonts/type1/bluesky/cm/cmti7.pfb></usr/local/
texlive/2008/texmf-dist/fonts/type1/bluesky/cm/cmti9.pfb></usr/local/texlive/20
08/texmf-dist/fonts/type1/urw/helvetic/uhvb8a.pfb></usr/local/texlive/2008/texm
f-dist/fonts/type1/urw/helvetic/uhvr8a.pfb></usr/local/texlive/2008/texmf-dist/
fonts/type1/urw/times/utmb8a.pfb></usr/local/texlive/2008/texmf-dist/fonts/type
1/urw/times/utmr8a.pfb></usr/local/texlive/2008/texmf-dist/fonts/type1/urw/time
s/utmri8a.pfb>
Output written on main.pdf (4 pages, 142185 bytes).
PDF statistics:
 91 PDF objects out of 1000 (max. 8388607)
 0 named destinations out of 1000 (max. 131072)
 16 words of extra memory for PDF output out of 10000 (max. 10000000)

